Start testing: Sep 09 16:40 MSK
----------------------------------------------------------
1/1 Testing: test_filter
1/1 Test: test_filter
Command: "/home/siinthddev/CppProjects/LabsOtys/lab2/bin/test_filter"
Directory: /home/siinthddev/CppProjects/LabsOtys/lab2/bin
"test_filter" start time: Sep 09 16:40 MSK
Output:
----------------------------------------------------------
Running 3 test cases...

[1;32;49m*** No errors detected
[0;39;49m
<end of output>
Test time =   0.00 sec
----------------------------------------------------------
Test Passed.
"test_filter" end time: Sep 09 16:40 MSK
"test_filter" time elapsed: 00:00:00
----------------------------------------------------------

End testing: Sep 09 16:40 MSK
